[debug] [2026-04-06T10:46:12.284Z] ----------------------------------------------------------------------
[debug] [2026-04-06T10:46:12.287Z] Command:       C:\Program Files\nodejs\node.exe C:\Users\KefoxNwoko-RTNG\AppData\Roaming\npm\node_modules\firebase-tools\lib\bin\firebase.js deploy
[debug] [2026-04-06T10:46:12.287Z] CLI Version:   15.12.0
[debug] [2026-04-06T10:46:12.287Z] Platform:      win32
[debug] [2026-04-06T10:46:12.287Z] Node Version:  v24.13.1
[debug] [2026-04-06T10:46:12.287Z] Time:          Mon Apr 06 2026 11:46:12 GMT+0100 (West Africa Time)
[debug] [2026-04-06T10:46:12.287Z] ----------------------------------------------------------------------
[debug] 
[debug] [2026-04-06T10:46:13.572Z] > command requires scopes: ["email","openid","https://www.googleapis.com/auth/cloudplatformprojects.readonly","https://www.googleapis.com/auth/firebase","https://www.googleapis.com/auth/cloud-platform"]
[debug] [2026-04-06T10:46:13.572Z] > authorizing via signed-in user (kefox.nwoko@gmail.com)
[debug] [2026-04-06T10:46:13.572Z] [iam] checking project saibros-energy for permissions ["firebase.projects.get","firebasehosting.sites.update"]
[debug] [2026-04-06T10:46:13.574Z] Checked if tokens are valid: true, expires at: 1775474118097
[debug] [2026-04-06T10:46:13.574Z] Checked if tokens are valid: true, expires at: 1775474118097
[debug] [2026-04-06T10:46:13.576Z] >>> [apiv2][query] POST https://cloudresourcemanager.googleapis.com/v1/projects/saibros-energy:testIamPermissions [none]
[debug] [2026-04-06T10:46:13.576Z] >>> [apiv2][(partial)header] POST https://cloudresourcemanager.googleapis.com/v1/projects/saibros-energy:testIamPermissions  x-goog-user-project=saibros-energy
[debug] [2026-04-06T10:46:13.576Z] >>> [apiv2][body] POST https://cloudresourcemanager.googleapis.com/v1/projects/saibros-energy:testIamPermissions {"permissions":["firebase.projects.get","firebasehosting.sites.update"]}
[debug] [2026-04-06T10:46:36.093Z] <<< [apiv2][status] POST https://cloudresourcemanager.googleapis.com/v1/projects/saibros-energy:testIamPermissions 200
[debug] [2026-04-06T10:46:36.093Z] <<< [apiv2][body] POST https://cloudresourcemanager.googleapis.com/v1/projects/saibros-energy:testIamPermissions {"permissions":["firebase.projects.get","firebasehosting.sites.update"]}
[debug] [2026-04-06T10:46:36.094Z] Checked if tokens are valid: true, expires at: 1775474118097
[debug] [2026-04-06T10:46:36.094Z] Checked if tokens are valid: true, expires at: 1775474118097
[debug] [2026-04-06T10:46:36.094Z] >>> [apiv2][query] GET https://firebase.googleapis.com/v1beta1/projects/saibros-energy [none]
[debug] [2026-04-06T10:47:06.109Z] *** [apiv2] error from fetch(https://firebase.googleapis.com/v1beta1/projects/saibros-energy, {"headers":{},"method":"GET","signal":{"reason":""}}): AbortError: The user aborted a request.
[debug] [2026-04-06T10:47:06.109Z] Timeout reached making request to https://firebase.googleapis.com/v1beta1/projects/saibros-energy (original: The user aborted a request.)
[error] 
[error] Error: Assertion failed: resolving hosting target of a site with no site name or target name. This should have caused an error earlier
